<?xml version="1.0" encoding="UTF-8"?>
<testsuite xmlns:xsi="http://www.w3.org/2001/XMLSchema-instance" xsi:noNamespaceSchemaLocation="https://maven.apache.org/surefire/maven-surefire-plugin/xsd/surefire-test-report.xsd" name="model_classes.TranscriptTest" time="0.044" tests="1" errors="0" skipped="0" failures="0">
  <properties>
    <property name="java.specification.version" value="18"/>
    <property name="sun.jnu.encoding" value="UTF-8"/>
    <property name="java.class.path" value="/home/nonyx/Desktop/Projects/Java/Student-Management-System/target/test-classes:/home/nonyx/Desktop/Projects/Java/Student-Management-System/target/classes:/home/nonyx/.m2/repository/unknown/binary/jcalendar-1.4/SNAPSHOT/jcalendar-1.4-SNAPSHOT.jar:/home/nonyx/.m2/repository/org/postgresql/postgresql/42.5.0/postgresql-42.5.0.jar:/home/nonyx/.m2/repository/org/checkerframework/checker-qual/3.5.0/checker-qual-3.5.0.jar:/home/nonyx/.m2/repository/org/junit/jupiter/junit-jupiter-api/5.6.0/junit-jupiter-api-5.6.0.jar:/home/nonyx/.m2/repository/org/apiguardian/apiguardian-api/1.1.0/apiguardian-api-1.1.0.jar:/home/nonyx/.m2/repository/org/opentest4j/opentest4j/1.2.0/opentest4j-1.2.0.jar:/home/nonyx/.m2/repository/org/junit/platform/junit-platform-commons/1.6.0/junit-platform-commons-1.6.0.jar:/home/nonyx/.m2/repository/org/junit/jupiter/junit-jupiter-params/5.6.0/junit-jupiter-params-5.6.0.jar:/home/nonyx/.m2/repository/org/junit/jupiter/junit-jupiter-engine/5.6.0/junit-jupiter-engine-5.6.0.jar:/home/nonyx/.m2/repository/org/junit/platform/junit-platform-engine/1.6.0/junit-platform-engine-1.6.0.jar:/home/nonyx/.m2/repository/unknown/binary/AbsoluteLayout-SNAPSHOT/SNAPSHOT/AbsoluteLayout-SNAPSHOT-SNAPSHOT.jar:/home/nonyx/.m2/repository/unknown/binary/AbsoluteLayout/SNAPSHOT/AbsoluteLayout-SNAPSHOT.jar:"/>
    <property name="java.vm.vendor" value="Oracle Corporation"/>
    <property name="sun.arch.data.model" value="64"/>
    <property name="java.vendor.url" value="https://java.oracle.com/"/>
    <property name="os.name" value="Linux"/>
    <property name="java.vm.specification.version" value="18"/>
    <property name="sun.java.launcher" value="SUN_STANDARD"/>
    <property name="user.country" value="US"/>
    <property name="sun.boot.library.path" value="/usr/lib/jvm/jdk-18/lib"/>
    <property name="sun.java.command" value="/home/nonyx/Desktop/Projects/Java/Student-Management-System/target/surefire/surefirebooter4383556650265391984.jar /home/nonyx/Desktop/Projects/Java/Student-Management-System/target/surefire 2022-11-27T16-51-00_261-jvmRun1 surefire183627779498828324tmp surefire_06809091729384821894tmp"/>
    <property name="jdk.debug" value="release"/>
    <property name="test" value="model_classes.TranscriptTest#testDefaultAssignment"/>
    <property name="surefire.test.class.path" value="/home/nonyx/Desktop/Projects/Java/Student-Management-System/target/test-classes:/home/nonyx/Desktop/Projects/Java/Student-Management-System/target/classes:/home/nonyx/.m2/repository/unknown/binary/jcalendar-1.4/SNAPSHOT/jcalendar-1.4-SNAPSHOT.jar:/home/nonyx/.m2/repository/org/postgresql/postgresql/42.5.0/postgresql-42.5.0.jar:/home/nonyx/.m2/repository/org/checkerframework/checker-qual/3.5.0/checker-qual-3.5.0.jar:/home/nonyx/.m2/repository/org/junit/jupiter/junit-jupiter-api/5.6.0/junit-jupiter-api-5.6.0.jar:/home/nonyx/.m2/repository/org/apiguardian/apiguardian-api/1.1.0/apiguardian-api-1.1.0.jar:/home/nonyx/.m2/repository/org/opentest4j/opentest4j/1.2.0/opentest4j-1.2.0.jar:/home/nonyx/.m2/repository/org/junit/platform/junit-platform-commons/1.6.0/junit-platform-commons-1.6.0.jar:/home/nonyx/.m2/repository/org/junit/jupiter/junit-jupiter-params/5.6.0/junit-jupiter-params-5.6.0.jar:/home/nonyx/.m2/repository/org/junit/jupiter/junit-jupiter-engine/5.6.0/junit-jupiter-engine-5.6.0.jar:/home/nonyx/.m2/repository/org/junit/platform/junit-platform-engine/1.6.0/junit-platform-engine-1.6.0.jar:/home/nonyx/.m2/repository/unknown/binary/AbsoluteLayout-SNAPSHOT/SNAPSHOT/AbsoluteLayout-SNAPSHOT-SNAPSHOT.jar:/home/nonyx/.m2/repository/unknown/binary/AbsoluteLayout/SNAPSHOT/AbsoluteLayout-SNAPSHOT.jar:"/>
    <property name="sun.cpu.endian" value="little"/>
    <property name="user.home" value="/home/nonyx"/>
    <property name="user.language" value="en"/>
    <property name="java.specification.vendor" value="Oracle Corporation"/>
    <property name="java.version.date" value="2022-08-18"/>
    <property name="java.home" value="/usr/lib/jvm/jdk-18"/>
    <property name="file.separator" value="/"/>
    <property name="basedir" value="/home/nonyx/Desktop/Projects/Java/Student-Management-System"/>
    <property name="java.vm.compressedOopsMode" value="32-bit"/>
    <property name="line.separator" value="&#10;"/>
    <property name="java.vm.specification.vendor" value="Oracle Corporation"/>
    <property name="java.specification.name" value="Java Platform API Specification"/>
    <property name="surefire.real.class.path" value="/home/nonyx/Desktop/Projects/Java/Student-Management-System/target/surefire/surefirebooter4383556650265391984.jar"/>
    <property name="sun.management.compiler" value="HotSpot 64-Bit Tiered Compilers"/>
    <property name="java.runtime.version" value="18.0.2.1+1-1"/>
    <property name="user.name" value="nonyx"/>
    <property name="path.separator" value=":"/>
    <property name="os.version" value="5.15.0-53-generic"/>
    <property name="java.runtime.name" value="Java(TM) SE Runtime Environment"/>
    <property name="file.encoding" value="UTF-8"/>
    <property name="java.vm.name" value="Java HotSpot(TM) 64-Bit Server VM"/>
    <property name="maven.ext.class.path" value="/snap/netbeans/69/netbeans/java/maven-nblib/netbeans-eventspy.jar"/>
    <property name="localRepository" value="/home/nonyx/.m2/repository"/>
    <property name="java.vendor.url.bug" value="https://bugreport.java.com/bugreport/"/>
    <property name="java.io.tmpdir" value="/tmp"/>
    <property name="java.version" value="18.0.2.1"/>
    <property name="user.dir" value="/home/nonyx/Desktop/Projects/Java/Student-Management-System"/>
    <property name="os.arch" value="amd64"/>
    <property name="java.vm.specification.name" value="Java Virtual Machine Specification"/>
    <property name="native.encoding" value="UTF-8"/>
    <property name="java.library.path" value="/usr/java/packages/lib:/usr/lib64:/lib64:/lib:/usr/lib"/>
    <property name="java.vm.info" value="mixed mode, sharing"/>
    <property name="java.vendor" value="Oracle Corporation"/>
    <property name="java.vm.version" value="18.0.2.1+1-1"/>
    <property name="sun.io.unicode.encoding" value="UnicodeLittle"/>
    <property name="java.class.version" value="62.0"/>
  </properties>
  <testcase name="testDefaultAssignment" classname="model_classes.TranscriptTest" time="0.028"/>
</testsuite>