<?xml version="1.0" encoding="UTF-8"?>
<testsuite xmlns:xsi="http://www.w3.org/2001/XMLSchema-instance" xsi:noNamespaceSchemaLocation="https://maven.apache.org/surefire/maven-surefire-plugin/xsd/surefire-test-report.xsd" name="passwordUpdateTest" time="3.125" tests="1" errors="0" skipped="0" failures="0">
  <properties>
    <property name="java.specification.version" value="18"/>
    <property name="sun.cpu.isalist" value="amd64"/>
    <property name="sun.jnu.encoding" value="Cp1252"/>
    <property name="java.class.path" value="C:\MyFiles\coding\Java class project\SMS_System\target\test-classes;C:\MyFiles\coding\Java class project\SMS_System\target\classes;C:\Users\ALE\.m2\repository\unknown\binary\jcalendar-1.4\SNAPSHOT\jcalendar-1.4-SNAPSHOT.jar;C:\Users\ALE\.m2\repository\org\postgresql\postgresql\42.5.0\postgresql-42.5.0.jar;C:\Users\ALE\.m2\repository\org\checkerframework\checker-qual\3.5.0\checker-qual-3.5.0.jar;C:\Users\ALE\.m2\repository\org\junit\jupiter\junit-jupiter-api\5.6.0\junit-jupiter-api-5.6.0.jar;C:\Users\ALE\.m2\repository\org\apiguardian\apiguardian-api\1.1.0\apiguardian-api-1.1.0.jar;C:\Users\ALE\.m2\repository\org\opentest4j\opentest4j\1.2.0\opentest4j-1.2.0.jar;C:\Users\ALE\.m2\repository\org\junit\platform\junit-platform-commons\1.6.0\junit-platform-commons-1.6.0.jar;C:\Users\ALE\.m2\repository\org\junit\jupiter\junit-jupiter-params\5.6.0\junit-jupiter-params-5.6.0.jar;C:\Users\ALE\.m2\repository\org\junit\jupiter\junit-jupiter-engine\5.6.0\junit-jupiter-engine-5.6.0.jar;C:\Users\ALE\.m2\repository\org\junit\platform\junit-platform-engine\1.6.0\junit-platform-engine-1.6.0.jar;C:\Users\ALE\.m2\repository\unknown\binary\AbsoluteLayout-SNAPSHOT\SNAPSHOT\AbsoluteLayout-SNAPSHOT-SNAPSHOT.jar;C:\Users\ALE\.m2\repository\unknown\binary\AbsoluteLayout\SNAPSHOT\AbsoluteLayout-SNAPSHOT.jar;C:\Users\ALE\.m2\repository\org\mockito\mockito-inline\4.3.1\mockito-inline-4.3.1.jar;C:\Users\ALE\.m2\repository\org\mockito\mockito-core\4.3.1\mockito-core-4.3.1.jar;C:\Users\ALE\.m2\repository\net\bytebuddy\byte-buddy\1.12.7\byte-buddy-1.12.7.jar;C:\Users\ALE\.m2\repository\net\bytebuddy\byte-buddy-agent\1.12.7\byte-buddy-agent-1.12.7.jar;C:\Users\ALE\.m2\repository\org\objenesis\objenesis\3.2\objenesis-3.2.jar;C:\Users\ALE\.m2\repository\org\testcontainers\postgresql\1.14.3\postgresql-1.14.3.jar;C:\Users\ALE\.m2\repository\org\testcontainers\jdbc\1.14.3\jdbc-1.14.3.jar;C:\Users\ALE\.m2\repository\org\testcontainers\database-commons\1.14.3\database-commons-1.14.3.jar;C:\Users\ALE\.m2\repository\org\testcontainers\testcontainers\1.14.3\testcontainers-1.14.3.jar;C:\Users\ALE\.m2\repository\junit\junit\4.12\junit-4.12.jar;C:\Users\ALE\.m2\repository\org\hamcrest\hamcrest-core\1.3\hamcrest-core-1.3.jar;C:\Users\ALE\.m2\repository\org\slf4j\slf4j-api\1.7.30\slf4j-api-1.7.30.jar;C:\Users\ALE\.m2\repository\org\jetbrains\annotations\19.0.0\annotations-19.0.0.jar;C:\Users\ALE\.m2\repository\org\apache\commons\commons-compress\1.20\commons-compress-1.20.jar;C:\Users\ALE\.m2\repository\org\rnorth\duct-tape\duct-tape\1.0.8\duct-tape-1.0.8.jar;C:\Users\ALE\.m2\repository\org\rnorth\visible-assertions\visible-assertions\2.1.2\visible-assertions-2.1.2.jar;C:\Users\ALE\.m2\repository\org\rnorth\tcp-unix-socket-proxy\1.0.2\tcp-unix-socket-proxy-1.0.2.jar;C:\Users\ALE\.m2\repository\com\kohlschutter\junixsocket\junixsocket-native-common\2.0.4\junixsocket-native-common-2.0.4.jar;C:\Users\ALE\.m2\repository\org\scijava\native-lib-loader\2.0.2\native-lib-loader-2.0.2.jar;C:\Users\ALE\.m2\repository\com\kohlschutter\junixsocket\junixsocket-common\2.0.4\junixsocket-common-2.0.4.jar;C:\Users\ALE\.m2\repository\net\java\dev\jna\jna-platform\5.5.0\jna-platform-5.5.0.jar;C:\Users\ALE\.m2\repository\net\java\dev\jna\jna\5.5.0\jna-5.5.0.jar;"/>
    <property name="java.vm.vendor" value="Oracle Corporation"/>
    <property name="sun.arch.data.model" value="64"/>
    <property name="user.variant" value=""/>
    <property name="java.vendor.url" value="https://java.oracle.com/"/>
    <property name="user.timezone" value="Africa/Addis_Ababa"/>
    <property name="os.name" value="Windows 10"/>
    <property name="java.vm.specification.version" value="18"/>
    <property name="user.country" value="US"/>
    <property name="sun.java.launcher" value="SUN_STANDARD"/>
    <property name="sun.boot.library.path" value="C:\Program Files\Java\jdk-18.0.2\bin"/>
    <property name="sun.java.command" value="C:\Users\ALE\AppData\Local\Temp\surefire6706365170734160110\surefirebooter11685265587828817275.jar C:\Users\ALE\AppData\Local\Temp\surefire6706365170734160110 2022-11-27T21-15-05_155-jvmRun1 surefire11430223251154521654tmp surefire_015474948443323670345tmp"/>
    <property name="jdk.debug" value="release"/>
    <property name="test" value="passwordUpdateTest#should_updatePassword_whenNewPasswordIsGiven"/>
    <property name="surefire.test.class.path" value="C:\MyFiles\coding\Java class project\SMS_System\target\test-classes;C:\MyFiles\coding\Java class project\SMS_System\target\classes;C:\Users\ALE\.m2\repository\unknown\binary\jcalendar-1.4\SNAPSHOT\jcalendar-1.4-SNAPSHOT.jar;C:\Users\ALE\.m2\repository\org\postgresql\postgresql\42.5.0\postgresql-42.5.0.jar;C:\Users\ALE\.m2\repository\org\checkerframework\checker-qual\3.5.0\checker-qual-3.5.0.jar;C:\Users\ALE\.m2\repository\org\junit\jupiter\junit-jupiter-api\5.6.0\junit-jupiter-api-5.6.0.jar;C:\Users\ALE\.m2\repository\org\apiguardian\apiguardian-api\1.1.0\apiguardian-api-1.1.0.jar;C:\Users\ALE\.m2\repository\org\opentest4j\opentest4j\1.2.0\opentest4j-1.2.0.jar;C:\Users\ALE\.m2\repository\org\junit\platform\junit-platform-commons\1.6.0\junit-platform-commons-1.6.0.jar;C:\Users\ALE\.m2\repository\org\junit\jupiter\junit-jupiter-params\5.6.0\junit-jupiter-params-5.6.0.jar;C:\Users\ALE\.m2\repository\org\junit\jupiter\junit-jupiter-engine\5.6.0\junit-jupiter-engine-5.6.0.jar;C:\Users\ALE\.m2\repository\org\junit\platform\junit-platform-engine\1.6.0\junit-platform-engine-1.6.0.jar;C:\Users\ALE\.m2\repository\unknown\binary\AbsoluteLayout-SNAPSHOT\SNAPSHOT\AbsoluteLayout-SNAPSHOT-SNAPSHOT.jar;C:\Users\ALE\.m2\repository\unknown\binary\AbsoluteLayout\SNAPSHOT\AbsoluteLayout-SNAPSHOT.jar;C:\Users\ALE\.m2\repository\org\mockito\mockito-inline\4.3.1\mockito-inline-4.3.1.jar;C:\Users\ALE\.m2\repository\org\mockito\mockito-core\4.3.1\mockito-core-4.3.1.jar;C:\Users\ALE\.m2\repository\net\bytebuddy\byte-buddy\1.12.7\byte-buddy-1.12.7.jar;C:\Users\ALE\.m2\repository\net\bytebuddy\byte-buddy-agent\1.12.7\byte-buddy-agent-1.12.7.jar;C:\Users\ALE\.m2\repository\org\objenesis\objenesis\3.2\objenesis-3.2.jar;C:\Users\ALE\.m2\repository\org\testcontainers\postgresql\1.14.3\postgresql-1.14.3.jar;C:\Users\ALE\.m2\repository\org\testcontainers\jdbc\1.14.3\jdbc-1.14.3.jar;C:\Users\ALE\.m2\repository\org\testcontainers\database-commons\1.14.3\database-commons-1.14.3.jar;C:\Users\ALE\.m2\repository\org\testcontainers\testcontainers\1.14.3\testcontainers-1.14.3.jar;C:\Users\ALE\.m2\repository\junit\junit\4.12\junit-4.12.jar;C:\Users\ALE\.m2\repository\org\hamcrest\hamcrest-core\1.3\hamcrest-core-1.3.jar;C:\Users\ALE\.m2\repository\org\slf4j\slf4j-api\1.7.30\slf4j-api-1.7.30.jar;C:\Users\ALE\.m2\repository\org\jetbrains\annotations\19.0.0\annotations-19.0.0.jar;C:\Users\ALE\.m2\repository\org\apache\commons\commons-compress\1.20\commons-compress-1.20.jar;C:\Users\ALE\.m2\repository\org\rnorth\duct-tape\duct-tape\1.0.8\duct-tape-1.0.8.jar;C:\Users\ALE\.m2\repository\org\rnorth\visible-assertions\visible-assertions\2.1.2\visible-assertions-2.1.2.jar;C:\Users\ALE\.m2\repository\org\rnorth\tcp-unix-socket-proxy\1.0.2\tcp-unix-socket-proxy-1.0.2.jar;C:\Users\ALE\.m2\repository\com\kohlschutter\junixsocket\junixsocket-native-common\2.0.4\junixsocket-native-common-2.0.4.jar;C:\Users\ALE\.m2\repository\org\scijava\native-lib-loader\2.0.2\native-lib-loader-2.0.2.jar;C:\Users\ALE\.m2\repository\com\kohlschutter\junixsocket\junixsocket-common\2.0.4\junixsocket-common-2.0.4.jar;C:\Users\ALE\.m2\repository\net\java\dev\jna\jna-platform\5.5.0\jna-platform-5.5.0.jar;C:\Users\ALE\.m2\repository\net\java\dev\jna\jna\5.5.0\jna-5.5.0.jar;"/>
    <property name="sun.cpu.endian" value="little"/>
    <property name="user.home" value="C:\Users\ALE"/>
    <property name="user.language" value="en"/>
    <property name="java.specification.vendor" value="Oracle Corporation"/>
    <property name="java.version.date" value="2022-07-19"/>
    <property name="java.home" value="C:\Program Files\Java\jdk-18.0.2"/>
    <property name="file.separator" value="\"/>
    <property name="basedir" value="C:\MyFiles\coding\Java class project\SMS_System"/>
    <property name="java.vm.compressedOopsMode" value="32-bit"/>
    <property name="line.separator" value="&#10;"/>
    <property name="java.vm.specification.vendor" value="Oracle Corporation"/>
    <property name="java.specification.name" value="Java Platform API Specification"/>
    <property name="surefire.real.class.path" value="C:\Users\ALE\AppData\Local\Temp\surefire6706365170734160110\surefirebooter11685265587828817275.jar"/>
    <property name="user.script" value=""/>
    <property name="sun.management.compiler" value="HotSpot 64-Bit Tiered Compilers"/>
    <property name="java.runtime.version" value="18.0.2+9-61"/>
    <property name="user.name" value="ALE"/>
    <property name="path.separator" value=";"/>
    <property name="os.version" value="10.0"/>
    <property name="java.runtime.name" value="Java(TM) SE Runtime Environment"/>
    <property name="file.encoding" value="UTF-8"/>
    <property name="java.vm.name" value="Java HotSpot(TM) 64-Bit Server VM"/>
    <property name="maven.ext.class.path" value="C:\Program Files\NetBeans-14\netbeans\java\maven-nblib\netbeans-eventspy.jar"/>
    <property name="localRepository" value="C:\Users\ALE\.m2\repository"/>
    <property name="java.vendor.url.bug" value="https://bugreport.java.com/bugreport/"/>
    <property name="java.io.tmpdir" value="C:\Users\ALE\AppData\Local\Temp\"/>
    <property name="java.version" value="18.0.2"/>
    <property name="user.dir" value="C:\MyFiles\coding\Java class project\SMS_System"/>
    <property name="os.arch" value="amd64"/>
    <property name="java.vm.specification.name" value="Java Virtual Machine Specification"/>
    <property name="sun.os.patch.level" value=""/>
    <property name="native.encoding" value="Cp1252"/>
    <property name="java.library.path" value="C:\Program Files\Java\jdk-18.0.2\bin;C:\WINDOWS\Sun\Java\bin;C:\WINDOWS\system32;C:\WINDOWS;C:\Program Files\Common Files\Oracle\Java\javapath;C:\Program Files (x86)\Common Files\Oracle\Java\javapath;C:\Windows\system32;C:\Windows;C:\Windows\System32\Wbem;C:\Windows\System32\WindowsPowerShell\v1.0\;C:\Windows\System32\OpenSSH\;C:\Program Files\nodejs\;C:\Users\ALE\AppData\Local\Microsoft\WindowsApps;C:\Users\ALE\AppData\Local\Programs\Microsoft VS Code\bin;C:\Users\ALE\AppData\Roaming\npm;C:\adb;C:\WINDOWS\system32;C:\WINDOWS;C:\WINDOWS\System32\Wbem;C:\WINDOWS\System32\WindowsPowerShell\v1.0\;C:\WINDOWS\System32\OpenSSH\;C:\Program Files\Java\jdk-18.0.2\bin;C:\Program Files\Git\cmd;C:\Program Files\Docker\Docker\resources\bin;C:\Program Files\PostgreSQL\15\bin;C:\Program Files\php-8.1.12;C:\Program Files\MySQL\MySQL Shell 8.0\bin\;C:\Users\ALE\AppData\Local\Microsoft\WindowsApps;C:\Users\ALE\AppData\Roaming\npm;C:\Program Files\JetBrains\IntelliJ IDEA 2022.1.2\bin;;C:\Program Files\JetBrains\IntelliJ IDEA Community Edition 2022.2\bin;;C:\Users\ALE\AppData\Local\GitHubDesktop\bin;C:\Users\ALE\AppData\Local\Programs\Microsoft VS Code\bin;."/>
    <property name="java.vm.info" value="mixed mode, sharing"/>
    <property name="java.vendor" value="Oracle Corporation"/>
    <property name="java.vm.version" value="18.0.2+9-61"/>
    <property name="sun.io.unicode.encoding" value="UnicodeLittle"/>
    <property name="java.class.version" value="62.0"/>
  </properties>
  <testcase name="should_updatePassword_whenNewPasswordIsGiven" classname="passwordUpdateTest" time="3.118"/>
</testsuite>